2025-06-10 14:06:31,916 - INFO - Database connection established.
2025-06-10 14:06:31,919 - ERROR - Query execution failed: (1064, "You have an error in your SQL syntax; check the manual that corresponds to your MySQL server version for the right syntax to use near 'CREATE TRIGGER before_insert_employee_sales\nBEFORE INSERT ON employee_sales\nFOR ' at line 3")
2025-06-10 14:06:31,920 - INFO - Database connection closed.
2025-06-10 14:09:31,549 - INFO - Database connection established.
2025-06-10 14:09:31,561 - INFO - Query executed successfully.
2025-06-10 14:09:31,561 - INFO - Database connection closed.
2025-06-10 14:09:31,572 - INFO - Database connection established.
2025-06-10 14:09:31,585 - INFO - Query executed successfully.
2025-06-10 14:09:31,585 - INFO - Database connection closed.
2025-06-10 14:10:15,791 - INFO - Database connection established.
2025-06-10 14:10:15,797 - INFO - Query executed successfully.
2025-06-10 14:10:15,798 - INFO - Database connection closed.
2025-06-10 14:10:15,820 - INFO - Database connection established.
2025-06-10 14:10:15,821 - ERROR - Query execution failed: (1064, "You have an error in your SQL syntax; check the manual that corresponds to your MySQL server version for the right syntax to use near '' at line 7")
2025-06-10 14:10:15,821 - INFO - Database connection closed.
2025-06-10 14:11:21,508 - INFO - Database connection established.
2025-06-10 14:11:21,511 - INFO - Query executed successfully.
2025-06-10 14:11:21,512 - INFO - Database connection closed.
2025-06-10 14:11:21,514 - INFO - Database connection established.
2025-06-10 14:11:21,515 - ERROR - Query execution failed: (1064, "You have an error in your SQL syntax; check the manual that corresponds to your MySQL server version for the right syntax to use near '' at line 6")
2025-06-10 14:11:21,515 - INFO - Database connection closed.
2025-06-10 14:11:50,880 - INFO - Database connection established.
2025-06-10 14:11:50,887 - INFO - Query executed successfully.
2025-06-10 14:11:50,888 - INFO - Database connection closed.
2025-06-10 14:11:50,889 - INFO - Database connection established.
2025-06-10 14:11:50,890 - ERROR - Query execution failed: (1064, "You have an error in your SQL syntax; check the manual that corresponds to your MySQL server version for the right syntax to use near '' at line 6")
2025-06-10 14:11:50,891 - INFO - Database connection closed.
2025-06-10 14:12:55,855 - INFO - Database connection established.
2025-06-10 14:12:55,861 - INFO - Query executed successfully.
2025-06-10 14:12:55,862 - INFO - Database connection closed.
2025-06-10 14:12:55,881 - INFO - Database connection established.
2025-06-10 14:12:55,883 - ERROR - Query execution failed: (1064, "You have an error in your SQL syntax; check the manual that corresponds to your MySQL server version for the right syntax to use near '' at line 6")
2025-06-10 14:12:55,884 - INFO - Database connection closed.
2025-06-10 14:14:21,120 - INFO - Database connection established.
2025-06-10 14:14:21,123 - INFO - Query executed successfully.
2025-06-10 14:14:21,124 - INFO - Database connection closed.
2025-06-10 14:14:21,125 - INFO - Database connection established.
2025-06-10 14:14:21,135 - INFO - Query executed successfully.
2025-06-10 14:14:21,136 - INFO - Database connection closed.
2025-06-10 14:14:51,744 - INFO - Database connection established.
2025-06-10 14:14:51,755 - INFO - Query executed successfully.
2025-06-10 14:14:51,756 - INFO - Database connection closed.
2025-06-10 14:14:51,764 - INFO - Database connection established.
2025-06-10 14:14:51,765 - ERROR - Query execution failed: (1064, "You have an error in your SQL syntax; check the manual that corresponds to your MySQL server version for the right syntax to use near 'CREATE TRIGGER before_insert_employee_sales\nBEFORE INSERT ON employee_sales\nFOR ' at line 3")
2025-06-10 14:14:51,766 - INFO - Database connection closed.
2025-06-10 14:15:46,239 - INFO - Database connection established.
2025-06-10 14:15:46,241 - INFO - Query executed successfully.
2025-06-10 14:15:46,242 - INFO - Database connection closed.
2025-06-10 14:15:46,264 - INFO - Database connection established.
2025-06-10 14:15:46,272 - INFO - Query executed successfully.
2025-06-10 14:15:46,272 - INFO - Database connection closed.
2025-06-10 14:18:27,708 - INFO - Database connection established.
2025-06-10 14:18:27,714 - INFO - Query executed successfully.
2025-06-10 14:18:27,714 - INFO - Database connection closed.
2025-06-10 14:18:27,734 - INFO - Database connection established.
2025-06-10 14:18:27,739 - INFO - Query executed successfully.
2025-06-10 14:18:27,739 - INFO - Database connection closed.
2025-06-10 14:18:27,757 - INFO - Database connection established.
2025-06-10 14:18:27,762 - INFO - Query executed successfully.
2025-06-10 14:18:27,763 - INFO - Database connection closed.
2025-06-10 14:18:27,765 - INFO - Database connection established.
2025-06-10 14:18:27,771 - INFO - Query executed successfully.
2025-06-10 14:18:27,771 - INFO - Database connection closed.
2025-06-10 14:18:27,779 - INFO - Database connection established.
2025-06-10 14:18:27,784 - INFO - Query executed successfully.
2025-06-10 14:18:27,785 - INFO - Database connection closed.
2025-06-10 14:18:27,818 - INFO - Database connection established.
2025-06-10 14:18:27,825 - INFO - Query executed successfully.
2025-06-10 14:18:27,826 - INFO - Database connection closed.
2025-06-10 18:40:17,450 - INFO - Database connection established.
2025-06-10 18:40:17,483 - INFO - Query executed successfully.
2025-06-10 18:40:17,484 - INFO - Database connection closed.
2025-06-10 18:40:17,486 - INFO - Database connection established.
2025-06-10 18:40:17,494 - INFO - Query executed successfully.
2025-06-10 18:40:17,494 - INFO - Database connection closed.
2025-06-10 18:40:17,504 - INFO - Database connection established.
2025-06-10 18:40:17,511 - INFO - Query executed successfully.
2025-06-10 18:40:17,512 - INFO - Database connection closed.
2025-06-10 18:40:17,538 - INFO - Database connection established.
2025-06-10 18:40:17,544 - INFO - Query executed successfully.
2025-06-10 18:40:17,544 - INFO - Database connection closed.
2025-06-10 18:40:17,556 - INFO - Database connection established.
2025-06-10 18:40:17,562 - INFO - Query executed successfully.
2025-06-10 18:40:17,562 - INFO - Database connection closed.
2025-06-10 18:40:17,565 - INFO - Database connection established.
2025-06-10 18:40:17,569 - INFO - Query executed successfully.
2025-06-10 18:40:17,570 - INFO - Database connection closed.
